<?xml version="1.0" encoding="UTF-8"?>
<testsuite name="test.java.TicTacToeTests" tests="15" skipped="0" failures="0" errors="0" timestamp="2014-10-31T19:02:17" hostname="church" time="0.053">
  <properties/>
  <testcase name="ColumnOutOfBoundsTest" classname="test.java.TicTacToeTests" time="0.016"/>
  <testcase name="GetHorizontalWinnerTest" classname="test.java.TicTacToeTests" time="0.001"/>
  <testcase name="GetVerticalWinnerTest" classname="test.java.TicTacToeTests" time="0.001"/>
  <testcase name="CheckVerticalLoserTest" classname="test.java.TicTacToeTests" time="0.001"/>
  <testcase name="InsertTest" classname="test.java.TicTacToeTests" time="0.001"/>
  <testcase name="InsertIntoTakenSquare" classname="test.java.TicTacToeTests" time="0.001"/>
  <testcase name="CheckDiagonalLoserTest" classname="test.java.TicTacToeTests" time="0.001"/>
  <testcase name="CheckVerticalMiddleLineV2" classname="test.java.TicTacToeTests" time="0.001"/>
  <testcase name="GetDiagonalWinnerTest" classname="test.java.TicTacToeTests" time="0.0"/>
  <testcase name="GetDiagonalLoserTest" classname="test.java.TicTacToeTests" time="0.0"/>
  <testcase name="CheckHorizontalLoserTest" classname="test.java.TicTacToeTests" time="0.0"/>
  <testcase name="BoardFullTest" classname="test.java.TicTacToeTests" time="0.001"/>
  <testcase name="ConstructorTest" classname="test.java.TicTacToeTests" time="0.001"/>
  <testcase name="CheckVerticalLoser2Test" classname="test.java.TicTacToeTests" time="0.004"/>
  <testcase name="CheckVerticalMiddleLine" classname="test.java.TicTacToeTests" time="0.001"/>
  <system-out><![CDATA[]]></system-out>
  <system-err><![CDATA[]]></system-err>
</testsuite>
